<?xml version="1.0" encoding="UTF-8"?>
<!-- Generated by org.testng.reporters.JUnitReportReporter -->
<testsuite hostname="Baburao-PC" name="com.qa.tests.GetAPITest" tests="1" failures="0" timestamp="28 Jun 2018 10:12:24 GMT" time="3.797" errors="0">
  <testcase name="getAPITest" time="3.797" classname="com.qa.tests.GetAPITest"/>
</testsuite> <!-- com.qa.tests.GetAPITest -->
