<?xml version="1.0" encoding="UTF-8"?>
<!-- Generated by org.testng.reporters.JUnitReportReporter -->
<testsuite hostname="Baburao-PC" name="com.qa.tests.GetAPITest" tests="2" failures="0" timestamp="29 Jun 2018 10:56:21 GMT" time="3.406" errors="0">
  <testcase name="getAPITestwithHeader" time="0.666" classname="com.qa.tests.GetAPITest"/>
  <testcase name="getAPITestwithoutHeader" time="2.740" classname="com.qa.tests.GetAPITest"/>
</testsuite> <!-- com.qa.tests.GetAPITest -->
